Using pre-set license
Built from '2022.1/release' branch; Version is '2022.1.0f1 (369b620af41c) revision 3578722'; Using compiler version '192829333'; Build Type 'Release'
OS: 'Windows 11  (10.0.22000) 64bit Professional' Language: 'pt' Physical Memory: 24413 MB
BatchMode: 1, IsHumanControllingUs: 0, StartBugReporterOnCrash: 0, Is64bit: 1, IsPro: 1

COMMAND LINE ARGUMENTS:
C:\Program Files\Unity\Hub\Editor\2022.1.0f1\Editor\Unity.exe
-adb2
-batchMode
-noUpm
-name
AssetImportWorker1
-projectPath
C:/Users/Diego/Documents/Projects/Unity/jepo-shcr/Jepo Shadow Crown
-logFile
Logs/AssetImportWorker1.log
-srvPort
64715
Successfully changed project path to: C:/Users/Diego/Documents/Projects/Unity/jepo-shcr/Jepo Shadow Crown
C:/Users/Diego/Documents/Projects/Unity/jepo-shcr/Jepo Shadow Crown
[UnityMemory] Configuration Parameters - Can be set up in boot.config
    "memorysetup-bucket-allocator-granularity=16"
    "memorysetup-bucket-allocator-bucket-count=8"
    "memorysetup-bucket-allocator-block-size=33554432"
    "memorysetup-bucket-allocator-block-count=8"
    "memorysetup-main-allocator-block-size=16777216"
    "memorysetup-thread-allocator-block-size=16777216"
    "memorysetup-gfx-main-allocator-block-size=16777216"
    "memorysetup-gfx-thread-allocator-block-size=16777216"
    "memorysetup-cache-allocator-block-size=4194304"
    "memorysetup-typetree-allocator-block-size=2097152"
    "memorysetup-profiler-bucket-allocator-granularity=16"
    "memorysetup-profiler-bucket-allocator-bucket-count=8"
    "memorysetup-profiler-bucket-allocator-block-size=33554432"
    "memorysetup-profiler-bucket-allocator-block-count=8"
    "memorysetup-profiler-allocator-block-size=16777216"
    "memorysetup-profiler-editor-allocator-block-size=1048576"
    "memorysetup-temp-allocator-size-main=16777216"
    "memorysetup-job-temp-allocator-block-size=2097152"
    "memorysetup-job-temp-allocator-block-size-background=1048576"
    "memorysetup-job-temp-allocator-reduction-small-platforms=262144"
    "memorysetup-temp-allocator-size-background-worker=32768"
    "memorysetup-temp-allocator-size-job-worker=262144"
    "memorysetup-temp-allocator-size-preload-manager=33554432"
    "memorysetup-temp-allocator-size-nav-mesh-worker=65536"
    "memorysetup-temp-allocator-size-audio-worker=65536"
    "memorysetup-temp-allocator-size-cloud-worker=32768"
    "memorysetup-temp-allocator-size-gi-baking-worker=262144"
    "memorysetup-temp-allocator-size-gfx=262144"
Refreshing native plugins compatible for Editor in 96.71 ms, found 3 plugins.
Preloading 0 native plugins for Editor in 0.00 ms.
Initialize engine version: 2022.1.0f1 (369b620af41c)
[Subsystems] Discovering subsystems at path C:/Program Files/Unity/Hub/Editor/2022.1.0f1/Editor/Data/Resources/UnitySubsystems
[Subsystems] Discovering subsystems at path C:/Users/Diego/Documents/Projects/Unity/jepo-shcr/Jepo Shadow Crown/Assets
GfxDevice: creating device client; threaded=0; jobified=0
Direct3D:
    Version:  Direct3D 11.0 [level 11.1]
    Renderer: NVIDIA GeForce GTX 1650 (ID=0x1f91)
    Vendor:   NVIDIA
    VRAM:     3962 MB
    Driver:   27.21.14.5167
Initialize mono
Mono path[0] = 'C:/Program Files/Unity/Hub/Editor/2022.1.0f1/Editor/Data/Managed'
Mono path[1] = 'C:/Program Files/Unity/Hub/Editor/2022.1.0f1/Editor/Data/MonoBleedingEdge/lib/mono/unityjit-win32'
Mono config path = 'C:/Program Files/Unity/Hub/Editor/2022.1.0f1/Editor/Data/MonoBleedingEdge/etc'
Using monoOptions --debugger-agent=transport=dt_socket,embedding=1,server=y,suspend=n,address=127.0.0.1:56128
Begin MonoManager ReloadAssembly
Registering precompiled unity dll's ...
Register platform support module: C:/Program Files/Unity/Hub/Editor/2022.1.0f1/Editor/Data/PlaybackEngines/WindowsStandaloneSupport/UnityEditor.WindowsStandalone.Extensions.dll
Registered in 0.005435 seconds.
Native extension for WindowsStandalone target not found
Refreshing native plugins compatible for Editor in 82.18 ms, found 3 plugins.
Preloading 0 native plugins for Editor in 0.00 ms.
Mono: successfully reloaded assembly
- Completed reload, in  0.731 seconds
Domain Reload Profiling:
	ReloadAssembly (731ms)
		BeginReloadAssembly (78ms)
			ExecutionOrderSort (0ms)
			DisableScriptedObjects (0ms)
			BackupInstance (0ms)
			ReleaseScriptingObjects (0ms)
			CreateAndSetChildDomain (1ms)
		EndReloadAssembly (530ms)
			LoadAssemblies (76ms)
			RebuildTransferFunctionScriptingTraits (0ms)
			SetupTypeCache (140ms)
				TypeCache.Initialize (140ms)
					TypeCache.ScanAssembly (138ms)
				ResolveRequiredComponents (1ms)
			ReleaseScriptCaches (0ms)
			RebuildScriptCaches (33ms)
			SetupLoadedEditorAssemblies (298ms)
				LogAssemblyErrors (0ms)
				InitializePlatformSupportModulesInManaged (9ms)
				SetLoadedEditorAssemblies (7ms)
				RefreshPlugins (82ms)
				BeforeProcessingInitializeOnLoad (2ms)
				ProcessInitializeOnLoadAttributes (147ms)
				ProcessInitializeOnLoadMethodAttributes (51ms)
				AfterProcessingInitializeOnLoad (0ms)
				EditorAssembliesLoaded (0ms)
			ExecutionOrderSort2 (0ms)
			AwakeInstancesAfterBackupRestoration (0ms)
Platform modules already initialized, skipping
Registering precompiled user dll's ...
Registered in 0.008434 seconds.
Begin MonoManager ReloadAssembly
Native extension for WindowsStandalone target not found
Refreshing native plugins compatible for Editor in 87.32 ms, found 3 plugins.
Preloading 0 native plugins for Editor in 0.00 ms.
Mono: successfully reloaded assembly
- Completed reload, in  1.467 seconds
Domain Reload Profiling:
	ReloadAssembly (1468ms)
		BeginReloadAssembly (146ms)
			ExecutionOrderSort (0ms)
			DisableScriptedObjects (8ms)
			BackupInstance (0ms)
			ReleaseScriptingObjects (0ms)
			CreateAndSetChildDomain (24ms)
		EndReloadAssembly (1186ms)
			LoadAssemblies (94ms)
			RebuildTransferFunctionScriptingTraits (0ms)
			SetupTypeCache (303ms)
				TypeCache.Initialize (290ms)
					TypeCache.ScanAssembly (286ms)
				ResolveRequiredComponents (13ms)
			ReleaseScriptCaches (1ms)
			RebuildScriptCaches (74ms)
			SetupLoadedEditorAssemblies (643ms)
				LogAssemblyErrors (0ms)
				InitializePlatformSupportModulesInManaged (4ms)
				SetLoadedEditorAssemblies (7ms)
				RefreshPlugins (87ms)
				BeforeProcessingInitializeOnLoad (111ms)
				ProcessInitializeOnLoadAttributes (309ms)
				ProcessInitializeOnLoadMethodAttributes (117ms)
				AfterProcessingInitializeOnLoad (7ms)
				EditorAssembliesLoaded (0ms)
			ExecutionOrderSort2 (0ms)
			AwakeInstancesAfterBackupRestoration (8ms)
Platform modules already initialized, skipping
========================================================================
Worker process is ready to serve import requests
Launched and connected shader compiler UnityShaderCompiler.exe after 0.09 seconds
Refreshing native plugins compatible for Editor in 1.00 ms, found 3 plugins.
Preloading 0 native plugins for Editor in 0.00 ms.
Unloading 4057 Unused Serialized files (Serialized files now loaded: 0)
Unloading 37 unused Assets / (349.2 KB). Loaded Objects now: 4521.
Memory consumption went from 0.65 GB to 0.65 GB.
Total: 4.320700 ms (FindLiveObjects: 0.393200 ms CreateObjectMapping: 0.329000 ms MarkObjects: 3.415000 ms  DeleteObjects: 0.182100 ms)

AssetImportParameters requested are different than current active one (requested -> active):
  custom:video-decoder-ogg-theora: a1e56fd34408186e4bbccfd4996cb3dc -> 
  custom:container-muxer-webm: aa71ff27fc2769a1b78a27578f13a17b -> 
  custom:container-demuxer-webm: 4f35f7cbe854078d1ac9338744f61a02 -> 
  custom:video-encoder-webm-vp8: eb34c28f22e8b96e1ab97ce403110664 -> 
  custom:audio-encoder-webm-vorbis: bf7c407c2cedff20999df2af8eb42d56 -> 
  custom:framework-win-MediaFoundation: 216162199b28c13a410421893ffa2e32 -> 
  custom:container-demuxer-ogg: 62fdf1f143b41e24485cea50d1cbac27 -> 
  custom:video-decoder-webm-vp8: 9c59270c3fd7afecdb556c50c9e8de78 -> 
  custom:audio-decoder-ogg-vorbis: bf7c407c2cedff20999df2af8eb42d56 -> 
========================================================================
Received Import Request.
  Time since last request: 2226982.776921 seconds.
  path: Assets/Art/Tilesets/Tile Pallets/Wall/Wall_64.asset
  artifactKey: Guid(77ca1e276b10080458de4c0d3ba7394e) Importer(815301076,1909f56bfc062723c751e8b465ee728b)
Start importing Assets/Art/Tilesets/Tile Pallets/Wall/Wall_64.asset using Guid(77ca1e276b10080458de4c0d3ba7394e) Importer(815301076,1909f56bfc062723c751e8b465ee728b)  -> (artifact id: '165a3d8dccc6c6177dd15799f568baaa') in 0.090986 seconds 
========================================================================
Received Import Request.
  Time since last request: 0.000025 seconds.
  path: Assets/Art/Tilesets/Tile Pallets/Wall/Wall_108.asset
  artifactKey: Guid(d159216a4e63aea4294502f2972d59df) Importer(815301076,1909f56bfc062723c751e8b465ee728b)
Start importing Assets/Art/Tilesets/Tile Pallets/Wall/Wall_108.asset using Guid(d159216a4e63aea4294502f2972d59df) Importer(815301076,1909f56bfc062723c751e8b465ee728b)  -> (artifact id: '741c63f7a1274bcfa4fd1eb4e0075e5f') in 0.014899 seconds 
========================================================================
Received Import Request.
  Time since last request: 0.000023 seconds.
  path: Assets/Art/Tilesets/Tile Pallets/Wall/Wall_36.asset
  artifactKey: Guid(058086a096f89554f8af8df26ad5aa81) Importer(815301076,1909f56bfc062723c751e8b465ee728b)
Start importing Assets/Art/Tilesets/Tile Pallets/Wall/Wall_36.asset using Guid(058086a096f89554f8af8df26ad5aa81) Importer(815301076,1909f56bfc062723c751e8b465ee728b)  -> (artifact id: 'a57bda8e77a0849dcfae750108f5dfc4') in 0.016032 seconds 
========================================================================
Received Import Request.
  Time since last request: 0.000018 seconds.
  path: Assets/Art/Tilesets/Tile Pallets/Wall/Wall_68.asset
  artifactKey: Guid(0b7f130b62a22b24ea94c3af78c81439) Importer(815301076,1909f56bfc062723c751e8b465ee728b)
Start importing Assets/Art/Tilesets/Tile Pallets/Wall/Wall_68.asset using Guid(0b7f130b62a22b24ea94c3af78c81439) Importer(815301076,1909f56bfc062723c751e8b465ee728b)  -> (artifact id: 'e4c912062b42a72ed94a67fe42be6111') in 0.016603 seconds 
========================================================================
Received Import Request.
  Time since last request: 0.000069 seconds.
  path: Assets/Art/Tilesets/Tile Pallets/Wall/Wall_1.asset
  artifactKey: Guid(a7ad9ed73d8b8454fac6c6e0b2b12e3f) Importer(815301076,1909f56bfc062723c751e8b465ee728b)
Start importing Assets/Art/Tilesets/Tile Pallets/Wall/Wall_1.asset using Guid(a7ad9ed73d8b8454fac6c6e0b2b12e3f) Importer(815301076,1909f56bfc062723c751e8b465ee728b)  -> (artifact id: '7f4dafa1f27e024e5b1b460bd86a24d7') in 0.015128 seconds 
========================================================================
Received Import Request.
  Time since last request: 0.000018 seconds.
  path: Assets/Art/Tilesets/Tile Pallets/Wall/Wall_38.asset
  artifactKey: Guid(d7120aac8b5d3954b91d14e7ea509fff) Importer(815301076,1909f56bfc062723c751e8b465ee728b)
Start importing Assets/Art/Tilesets/Tile Pallets/Wall/Wall_38.asset using Guid(d7120aac8b5d3954b91d14e7ea509fff) Importer(815301076,1909f56bfc062723c751e8b465ee728b)  -> (artifact id: '5a9ecdfb8145407f7e246f5f6673b851') in 0.016809 seconds 
========================================================================
Received Import Request.
  Time since last request: 0.000030 seconds.
  path: Assets/Art/Tilesets/Tile Pallets/Wall/Wall_72.asset
  artifactKey: Guid(43e2f6b29cc2c5b489ce21de6b50efe4) Importer(815301076,1909f56bfc062723c751e8b465ee728b)
Start importing Assets/Art/Tilesets/Tile Pallets/Wall/Wall_72.asset using Guid(43e2f6b29cc2c5b489ce21de6b50efe4) Importer(815301076,1909f56bfc062723c751e8b465ee728b)  -> (artifact id: 'ccac34791bd156d030e9b76eea084bca') in 0.016816 seconds 
========================================================================
Received Import Request.
  Time since last request: 0.000027 seconds.
  path: Assets/Art/Tilesets/Tile Pallets/Wall/Wall_107.asset
  artifactKey: Guid(d1e181107ba0eb441a70462fed4d7559) Importer(815301076,1909f56bfc062723c751e8b465ee728b)
Start importing Assets/Art/Tilesets/Tile Pallets/Wall/Wall_107.asset using Guid(d1e181107ba0eb441a70462fed4d7559) Importer(815301076,1909f56bfc062723c751e8b465ee728b)  -> (artifact id: 'e64c556e07f1cc0959e74bc8c77ec473') in 0.015147 seconds 
========================================================================
Received Import Request.
  Time since last request: 0.000020 seconds.
  path: Assets/Art/Tilesets/Tile Pallets/Wall/Wall_22.asset
  artifactKey: Guid(e4b2bc1cf1cbe7a4999e48d418bb31ca) Importer(815301076,1909f56bfc062723c751e8b465ee728b)
Start importing Assets/Art/Tilesets/Tile Pallets/Wall/Wall_22.asset using Guid(e4b2bc1cf1cbe7a4999e48d418bb31ca) Importer(815301076,1909f56bfc062723c751e8b465ee728b)  -> (artifact id: 'ce540303f126023436124337f0985aad') in 0.020064 seconds 
========================================================================
Received Import Request.
  Time since last request: 0.000020 seconds.
  path: Assets/Art/Tilesets/Tile Pallets/Wall/Wall_92.asset
  artifactKey: Guid(0f5da63d6e26da44da375c1e54fcb825) Importer(815301076,1909f56bfc062723c751e8b465ee728b)
Start importing Assets/Art/Tilesets/Tile Pallets/Wall/Wall_92.asset using Guid(0f5da63d6e26da44da375c1e54fcb825) Importer(815301076,1909f56bfc062723c751e8b465ee728b)  -> (artifact id: '9a89184d590e07149540a8279b5be2f1') in 0.014100 seconds 
========================================================================
Received Import Request.
  Time since last request: 0.000024 seconds.
  path: Assets/Art/Tilesets/Tile Pallets/Wall/Wall_60.asset
  artifactKey: Guid(f95c2db52f95491439e66a8a6c66b814) Importer(815301076,1909f56bfc062723c751e8b465ee728b)
Start importing Assets/Art/Tilesets/Tile Pallets/Wall/Wall_60.asset using Guid(f95c2db52f95491439e66a8a6c66b814) Importer(815301076,1909f56bfc062723c751e8b465ee728b)  -> (artifact id: 'fd7684f62f447c3fc44e226babc1af5e') in 0.022318 seconds 
========================================================================
Received Import Request.
  Time since last request: 0.000024 seconds.
  path: Assets/Art/Tilesets/Tile Pallets/Wall/Wall_52.asset
  artifactKey: Guid(ab35bbb78272a7a42a0a41df047b9461) Importer(815301076,1909f56bfc062723c751e8b465ee728b)
Start importing Assets/Art/Tilesets/Tile Pallets/Wall/Wall_52.asset using Guid(ab35bbb78272a7a42a0a41df047b9461) Importer(815301076,1909f56bfc062723c751e8b465ee728b)  -> (artifact id: '68cd137fb24017962c8d48b6cea61a55') in 0.018814 seconds 
========================================================================
Received Import Request.
  Time since last request: 0.000022 seconds.
  path: Assets/Art/Tilesets/Tile Pallets/Wall/Wall_93.asset
  artifactKey: Guid(27fb78ee864b87947997c2d453d3d0e6) Importer(815301076,1909f56bfc062723c751e8b465ee728b)
Start importing Assets/Art/Tilesets/Tile Pallets/Wall/Wall_93.asset using Guid(27fb78ee864b87947997c2d453d3d0e6) Importer(815301076,1909f56bfc062723c751e8b465ee728b)  -> (artifact id: '625031d766e2833708a55689df144dfc') in 0.017622 seconds 
========================================================================
Received Import Request.
  Time since last request: 0.000020 seconds.
  path: Assets/Art/Tilesets/Tile Pallets/Wall/Wall_11.asset
  artifactKey: Guid(7c8114ecf540e5447b746692e1a2b99b) Importer(815301076,1909f56bfc062723c751e8b465ee728b)
Start importing Assets/Art/Tilesets/Tile Pallets/Wall/Wall_11.asset using Guid(7c8114ecf540e5447b746692e1a2b99b) Importer(815301076,1909f56bfc062723c751e8b465ee728b)  -> (artifact id: '0e39b56efe1676cb388e0352c4f594a6') in 0.015055 seconds 
========================================================================
Received Import Request.
  Time since last request: 0.000034 seconds.
  path: Assets/Art/Tilesets/Tile Pallets/Wall/Wall_104.asset
  artifactKey: Guid(a3c078e5e8a7ab545aaf0a4bae3f1603) Importer(815301076,1909f56bfc062723c751e8b465ee728b)
Start importing Assets/Art/Tilesets/Tile Pallets/Wall/Wall_104.asset using Guid(a3c078e5e8a7ab545aaf0a4bae3f1603) Importer(815301076,1909f56bfc062723c751e8b465ee728b)  -> (artifact id: '03740c708bad026324e086a2d38af457') in 0.015888 seconds 
========================================================================
Received Import Request.
  Time since last request: 0.000037 seconds.
  path: Assets/Art/Tilesets/Tile Pallets/Wall/Wall_14.asset
  artifactKey: Guid(60af7bc535c79064c964bb1cd3899cfc) Importer(815301076,1909f56bfc062723c751e8b465ee728b)
Start importing Assets/Art/Tilesets/Tile Pallets/Wall/Wall_14.asset using Guid(60af7bc535c79064c964bb1cd3899cfc) Importer(815301076,1909f56bfc062723c751e8b465ee728b)  -> (artifact id: '1dffd2842bf52c87826a85d3a36de673') in 0.015523 seconds 
========================================================================
Received Import Request.
  Time since last request: 0.000029 seconds.
  path: Assets/Art/Tilesets/Tile Pallets/Wall/Wall_17.asset
  artifactKey: Guid(1e04b1be9916b10429ca393b01f7ef77) Importer(815301076,1909f56bfc062723c751e8b465ee728b)
Start importing Assets/Art/Tilesets/Tile Pallets/Wall/Wall_17.asset using Guid(1e04b1be9916b10429ca393b01f7ef77) Importer(815301076,1909f56bfc062723c751e8b465ee728b)  -> (artifact id: 'e0a669851fff4556d336aba9504c29fd') in 0.013090 seconds 
========================================================================
Received Import Request.
  Time since last request: 0.000100 seconds.
  path: Assets/Art/Tilesets/Tile Pallets/Wall/Wall_84.asset
  artifactKey: Guid(82dc8c84ff03af9479a3ec7578713a5b) Importer(815301076,1909f56bfc062723c751e8b465ee728b)
Start importing Assets/Art/Tilesets/Tile Pallets/Wall/Wall_84.asset using Guid(82dc8c84ff03af9479a3ec7578713a5b) Importer(815301076,1909f56bfc062723c751e8b465ee728b)  -> (artifact id: '4b75cac3738401e21cd907ebd5bec011') in 0.015450 seconds 
========================================================================
Received Import Request.
  Time since last request: 0.000029 seconds.
  path: Assets/Art/Tilesets/Tile Pallets/Wall/Wall_94.asset
  artifactKey: Guid(11a46ee642b19404789680dd36f8a51f) Importer(815301076,1909f56bfc062723c751e8b465ee728b)
Start importing Assets/Art/Tilesets/Tile Pallets/Wall/Wall_94.asset using Guid(11a46ee642b19404789680dd36f8a51f) Importer(815301076,1909f56bfc062723c751e8b465ee728b)  -> (artifact id: 'cc55a9a5d09e3e2523d73337ff0cb0e9') in 0.016414 seconds 
========================================================================
Received Import Request.
  Time since last request: 0.000020 seconds.
  path: Assets/Art/Tilesets/Tile Pallets/Wall/Wall_16.asset
  artifactKey: Guid(df5c83d02f744344ca4c68b73eab313c) Importer(815301076,1909f56bfc062723c751e8b465ee728b)
Start importing Assets/Art/Tilesets/Tile Pallets/Wall/Wall_16.asset using Guid(df5c83d02f744344ca4c68b73eab313c) Importer(815301076,1909f56bfc062723c751e8b465ee728b)  -> (artifact id: 'ab67bfe5673453227061fc46d622073e') in 0.016812 seconds 
========================================================================
Received Import Request.
  Time since last request: 0.000020 seconds.
  path: Assets/Art/Tilesets/Tile Pallets/Wall/Wall_37.asset
  artifactKey: Guid(df80dea81f6791443b95f934db40a3e9) Importer(815301076,1909f56bfc062723c751e8b465ee728b)
Start importing Assets/Art/Tilesets/Tile Pallets/Wall/Wall_37.asset using Guid(df80dea81f6791443b95f934db40a3e9) Importer(815301076,1909f56bfc062723c751e8b465ee728b)  -> (artifact id: '9d46560964cb84f7edc2e119414cc80b') in 0.013234 seconds 
========================================================================
Received Import Request.
  Time since last request: 0.000021 seconds.
  path: Assets/Art/Tilesets/Tile Pallets/Wall/Wall_25.asset
  artifactKey: Guid(21de90a7851164a45bd0664666eb23d5) Importer(815301076,1909f56bfc062723c751e8b465ee728b)
Start importing Assets/Art/Tilesets/Tile Pallets/Wall/Wall_25.asset using Guid(21de90a7851164a45bd0664666eb23d5) Importer(815301076,1909f56bfc062723c751e8b465ee728b)  -> (artifact id: 'e230b7c24dddb05917e9c9d0d979faee') in 0.013013 seconds 
========================================================================
Received Import Request.
  Time since last request: 0.000022 seconds.
  path: Assets/Art/Tilesets/Tile Pallets/Wall/Wall_71.asset
  artifactKey: Guid(97c72e94be1ed3a49a9a82d1c9d3a285) Importer(815301076,1909f56bfc062723c751e8b465ee728b)
Start importing Assets/Art/Tilesets/Tile Pallets/Wall/Wall_71.asset using Guid(97c72e94be1ed3a49a9a82d1c9d3a285) Importer(815301076,1909f56bfc062723c751e8b465ee728b)  -> (artifact id: '8ab9b590f3f4fa3a19a8d581575cf460') in 0.013453 seconds 
========================================================================
Received Import Request.
  Time since last request: 0.000020 seconds.
  path: Assets/Art/Tilesets/Tile Pallets/Wall/Wall_41.asset
  artifactKey: Guid(214bd5d6239660b4c98df28692625ab0) Importer(815301076,1909f56bfc062723c751e8b465ee728b)
Start importing Assets/Art/Tilesets/Tile Pallets/Wall/Wall_41.asset using Guid(214bd5d6239660b4c98df28692625ab0) Importer(815301076,1909f56bfc062723c751e8b465ee728b)  -> (artifact id: 'e5b304c62dfa78f422e5541948689b74') in 0.013598 seconds 
========================================================================
Received Import Request.
  Time since last request: 0.000018 seconds.
  path: Assets/Art/Tilesets/Tile Pallets/Wall/Wall_2.asset
  artifactKey: Guid(94b9e605566d7e944809d2e51febad2f) Importer(815301076,1909f56bfc062723c751e8b465ee728b)
Start importing Assets/Art/Tilesets/Tile Pallets/Wall/Wall_2.asset using Guid(94b9e605566d7e944809d2e51febad2f) Importer(815301076,1909f56bfc062723c751e8b465ee728b)  -> (artifact id: '92e797ef855f5b8c1ba3cb88b7be999f') in 0.014071 seconds 
========================================================================
Received Import Request.
  Time since last request: 0.000023 seconds.
  path: Assets/Art/Tilesets/Tile Pallets/Wall/Wall_5.asset
  artifactKey: Guid(455bf149dc61f3f47acb94bbd9131551) Importer(815301076,1909f56bfc062723c751e8b465ee728b)
Start importing Assets/Art/Tilesets/Tile Pallets/Wall/Wall_5.asset using Guid(455bf149dc61f3f47acb94bbd9131551) Importer(815301076,1909f56bfc062723c751e8b465ee728b)  -> (artifact id: '74f344ecddcce5048e9f2c28c5e7d792') in 0.013700 seconds 
========================================================================
Received Import Request.
  Time since last request: 0.000030 seconds.
  path: Assets/Art/Tilesets/Tile Pallets/Wall/Wall_39.asset
  artifactKey: Guid(8926431ea70610d4a91918ce0d0c7d5c) Importer(815301076,1909f56bfc062723c751e8b465ee728b)
Start importing Assets/Art/Tilesets/Tile Pallets/Wall/Wall_39.asset using Guid(8926431ea70610d4a91918ce0d0c7d5c) Importer(815301076,1909f56bfc062723c751e8b465ee728b)  -> (artifact id: '62c866e2f1dd4bccda1b99c4520d72d4') in 0.016823 seconds 
========================================================================
Received Import Request.
  Time since last request: 0.000037 seconds.
  path: Assets/Art/Tilesets/Tile Pallets/Wall/Wall_49.asset
  artifactKey: Guid(6d802ca38dac1ad4fb7d2d3141551d60) Importer(815301076,1909f56bfc062723c751e8b465ee728b)
Start importing Assets/Art/Tilesets/Tile Pallets/Wall/Wall_49.asset using Guid(6d802ca38dac1ad4fb7d2d3141551d60) Importer(815301076,1909f56bfc062723c751e8b465ee728b)  -> (artifact id: '2efde5254b1ff356fdfc6d08f7b6064f') in 0.016234 seconds 
========================================================================
Received Import Request.
  Time since last request: 0.000048 seconds.
  path: Assets/Art/Tilesets/Tile Pallets/Wall/Wall_90.asset
  artifactKey: Guid(26ab8dea767134444a600b601284a5fb) Importer(815301076,1909f56bfc062723c751e8b465ee728b)
Start importing Assets/Art/Tilesets/Tile Pallets/Wall/Wall_90.asset using Guid(26ab8dea767134444a600b601284a5fb) Importer(815301076,1909f56bfc062723c751e8b465ee728b)  -> (artifact id: 'bd1c94a1f08331ec25340dbcc122665c') in 0.018598 seconds 
========================================================================
Received Import Request.
  Time since last request: 0.000041 seconds.
  path: Assets/Art/Tilesets/Tile Pallets/Wall/Wall_19.asset
  artifactKey: Guid(2654dbad36f4e42439fb662c22d933c4) Importer(815301076,1909f56bfc062723c751e8b465ee728b)
Start importing Assets/Art/Tilesets/Tile Pallets/Wall/Wall_19.asset using Guid(2654dbad36f4e42439fb662c22d933c4) Importer(815301076,1909f56bfc062723c751e8b465ee728b)  -> (artifact id: 'f636f16da2a02f7d65dab74723806bc9') in 0.021236 seconds 
========================================================================
Received Import Request.
  Time since last request: 0.000037 seconds.
  path: Assets/Art/Tilesets/Tile Pallets/Wall/Wall_7.asset
  artifactKey: Guid(83fb8127df74be74ca943918d80f758c) Importer(815301076,1909f56bfc062723c751e8b465ee728b)
Start importing Assets/Art/Tilesets/Tile Pallets/Wall/Wall_7.asset using Guid(83fb8127df74be74ca943918d80f758c) Importer(815301076,1909f56bfc062723c751e8b465ee728b)  -> (artifact id: 'fa5175ccff877a176024f0eef475c9ef') in 0.031160 seconds 
========================================================================
Received Import Request.
  Time since last request: 0.000019 seconds.
  path: Assets/Art/Tilesets/Tile Pallets/Wall/Wall_58.asset
  artifactKey: Guid(46a4fc4e9c48c0944bc992c345a1382f) Importer(815301076,1909f56bfc062723c751e8b465ee728b)
Start importing Assets/Art/Tilesets/Tile Pallets/Wall/Wall_58.asset using Guid(46a4fc4e9c48c0944bc992c345a1382f) Importer(815301076,1909f56bfc062723c751e8b465ee728b)  -> (artifact id: 'a4c5a53edf515f0407ccce2bd60e47b7') in 0.015622 seconds 
========================================================================
Received Import Request.
  Time since last request: 0.000022 seconds.
  path: Assets/Art/Tilesets/Tile Pallets/Wall/Wall_27.asset
  artifactKey: Guid(3074171028f1d254cb37272efbdf751d) Importer(815301076,1909f56bfc062723c751e8b465ee728b)
Start importing Assets/Art/Tilesets/Tile Pallets/Wall/Wall_27.asset using Guid(3074171028f1d254cb37272efbdf751d) Importer(815301076,1909f56bfc062723c751e8b465ee728b)  -> (artifact id: 'c1432245ddb2cdbd593b60cffc2f22e7') in 0.013982 seconds 
========================================================================
Received Import Request.
  Time since last request: 0.000032 seconds.
  path: Assets/Art/Tilesets/Tile Pallets/Wall/Wall_75.asset
  artifactKey: Guid(dac015bb432705c418cc36c17d54dcad) Importer(815301076,1909f56bfc062723c751e8b465ee728b)
Start importing Assets/Art/Tilesets/Tile Pallets/Wall/Wall_75.asset using Guid(dac015bb432705c418cc36c17d54dcad) Importer(815301076,1909f56bfc062723c751e8b465ee728b)  -> (artifact id: '6fb3334e968cafb36c41c2eec5911d26') in 0.022059 seconds 
========================================================================
Received Import Request.
  Time since last request: 0.000025 seconds.
  path: Assets/Art/Tilesets/Tile Pallets/Wall/Wall_12.asset
  artifactKey: Guid(8f0e15bec2240dc4f8d7e06bed20383e) Importer(815301076,1909f56bfc062723c751e8b465ee728b)
Start importing Assets/Art/Tilesets/Tile Pallets/Wall/Wall_12.asset using Guid(8f0e15bec2240dc4f8d7e06bed20383e) Importer(815301076,1909f56bfc062723c751e8b465ee728b)  -> (artifact id: 'b94cdc4b9f9cbb4d3afcd0b3535d6f67') in 0.018856 seconds 
========================================================================
Received Import Request.
  Time since last request: 0.000019 seconds.
  path: Assets/Art/Tilesets/Tile Pallets/Wall/Wall_50.asset
  artifactKey: Guid(81033c86e7afcc04687c6a319ac9ff93) Importer(815301076,1909f56bfc062723c751e8b465ee728b)
Start importing Assets/Art/Tilesets/Tile Pallets/Wall/Wall_50.asset using Guid(81033c86e7afcc04687c6a319ac9ff93) Importer(815301076,1909f56bfc062723c751e8b465ee728b)  -> (artifact id: 'd6b2e30b8c8c103a1e18e2c2c6adf23f') in 0.018255 seconds 
========================================================================
Received Import Request.
  Time since last request: 0.000026 seconds.
  path: Assets/Art/Tilesets/Tile Pallets/Wall/Wall_78.asset
  artifactKey: Guid(2404a1f71563fb442bb91ff599fff832) Importer(815301076,1909f56bfc062723c751e8b465ee728b)
Start importing Assets/Art/Tilesets/Tile Pallets/Wall/Wall_78.asset using Guid(2404a1f71563fb442bb91ff599fff832) Importer(815301076,1909f56bfc062723c751e8b465ee728b)  -> (artifact id: 'e5e1d3990141d1200892e94f04ed2faf') in 0.014393 seconds 
========================================================================
Received Import Request.
  Time since last request: 0.000027 seconds.
  path: Assets/Art/Tilesets/Tile Pallets/Wall/Wall_8.asset
  artifactKey: Guid(d654b9ce231b7154f89626811fba6a7b) Importer(815301076,1909f56bfc062723c751e8b465ee728b)
Start importing Assets/Art/Tilesets/Tile Pallets/Wall/Wall_8.asset using Guid(d654b9ce231b7154f89626811fba6a7b) Importer(815301076,1909f56bfc062723c751e8b465ee728b)  -> (artifact id: '4a85966d367446f3894c25ab5cdade91') in 0.015034 seconds 
========================================================================
Received Import Request.
  Time since last request: 0.000018 seconds.
  path: Assets/Art/Tilesets/Tile Pallets/Wall/Wall_59.asset
  artifactKey: Guid(14a8ac61eccc0f04c9133abfdfaa79d9) Importer(815301076,1909f56bfc062723c751e8b465ee728b)
Start importing Assets/Art/Tilesets/Tile Pallets/Wall/Wall_59.asset using Guid(14a8ac61eccc0f04c9133abfdfaa79d9) Importer(815301076,1909f56bfc062723c751e8b465ee728b)  -> (artifact id: '7467a2b10a993ac3ebed1900d4dca988') in 0.014602 seconds 
========================================================================
Received Import Request.
  Time since last request: 3.162679 seconds.
  path: Assets/Art/Tilesets/Tile Pallets/Wall/Wall_113.asset
  artifactKey: Guid(4c8ff1daf9e0ec84abbdd0486ee45e3d) Importer(815301076,1909f56bfc062723c751e8b465ee728b)
Start importing Assets/Art/Tilesets/Tile Pallets/Wall/Wall_113.asset using Guid(4c8ff1daf9e0ec84abbdd0486ee45e3d) Importer(815301076,1909f56bfc062723c751e8b465ee728b)  -> (artifact id: '570dba689698af71617c2aae6bf88d2d') in 0.017600 seconds 
========================================================================
Received Import Request.
  Time since last request: 0.000020 seconds.
  path: Assets/Art/Tilesets/Tile Pallets/Wall/Wall_124.asset
  artifactKey: Guid(6e522d856b35fec4c88645c0d749807c) Importer(815301076,1909f56bfc062723c751e8b465ee728b)
Start importing Assets/Art/Tilesets/Tile Pallets/Wall/Wall_124.asset using Guid(6e522d856b35fec4c88645c0d749807c) Importer(815301076,1909f56bfc062723c751e8b465ee728b)  -> (artifact id: '92bb6f074b7144640a363b05c4e93a4f') in 0.014795 seconds 
========================================================================
Received Import Request.
  Time since last request: 0.000015 seconds.
  path: Assets/Art/Tilesets/Tile Pallets/Wall/Wall_120.asset
  artifactKey: Guid(c9dc62ccdb183ef4bb1c9cae7db02409) Importer(815301076,1909f56bfc062723c751e8b465ee728b)
Start importing Assets/Art/Tilesets/Tile Pallets/Wall/Wall_120.asset using Guid(c9dc62ccdb183ef4bb1c9cae7db02409) Importer(815301076,1909f56bfc062723c751e8b465ee728b)  -> (artifact id: 'dc1313f865be29d03158c10adf1ff2fe') in 0.013382 seconds 
========================================================================
Received Import Request.
  Time since last request: 0.000019 seconds.
  path: Assets/Art/Tilesets/Tile Pallets/Wall/Wall_122.asset
  artifactKey: Guid(8cc8d99c51dab7243bcdc76aa5687339) Importer(815301076,1909f56bfc062723c751e8b465ee728b)
Start importing Assets/Art/Tilesets/Tile Pallets/Wall/Wall_122.asset using Guid(8cc8d99c51dab7243bcdc76aa5687339) Importer(815301076,1909f56bfc062723c751e8b465ee728b)  -> (artifact id: '14c286c2bbe4d9920ba18a72d7901802') in 0.014615 seconds 
========================================================================
Received Import Request.
  Time since last request: 0.000020 seconds.
  path: Assets/Art/Tilesets/Tile Pallets/Wall/Wall_132.asset
  artifactKey: Guid(c429899fe4a096e4fa668aaec835a354) Importer(815301076,1909f56bfc062723c751e8b465ee728b)
Start importing Assets/Art/Tilesets/Tile Pallets/Wall/Wall_132.asset using Guid(c429899fe4a096e4fa668aaec835a354) Importer(815301076,1909f56bfc062723c751e8b465ee728b)  -> (artifact id: '634e50dacf122f680035ef790704bc23') in 0.016008 seconds 
========================================================================
Received Import Request.
  Time since last request: 0.000029 seconds.
  path: Assets/Art/Tilesets/Tile Pallets/Wall/Wall_121.asset
  artifactKey: Guid(7dba2ae03a9eb714d8f25da2a694b826) Importer(815301076,1909f56bfc062723c751e8b465ee728b)
Start importing Assets/Art/Tilesets/Tile Pallets/Wall/Wall_121.asset using Guid(7dba2ae03a9eb714d8f25da2a694b826) Importer(815301076,1909f56bfc062723c751e8b465ee728b)  -> (artifact id: 'ff285028632aa7aa413d5850989d2349') in 0.016566 seconds 
========================================================================
Received Import Request.
  Time since last request: 0.000019 seconds.
  path: Assets/Art/Tilesets/Tile Pallets/Wall/Wall_129.asset
  artifactKey: Guid(a556936182f9a5d4480fc66db7b5e5e7) Importer(815301076,1909f56bfc062723c751e8b465ee728b)
Start importing Assets/Art/Tilesets/Tile Pallets/Wall/Wall_129.asset using Guid(a556936182f9a5d4480fc66db7b5e5e7) Importer(815301076,1909f56bfc062723c751e8b465ee728b)  -> (artifact id: 'd4108d84ea82225a3b6c52c010189f68') in 0.012690 seconds 
========================================================================
Received Import Request.
  Time since last request: 0.000021 seconds.
  path: Assets/Art/Tilesets/Tile Pallets/Wall/Wall_116.asset
  artifactKey: Guid(8b83efe88ff756c479022e36dce59614) Importer(815301076,1909f56bfc062723c751e8b465ee728b)
Start importing Assets/Art/Tilesets/Tile Pallets/Wall/Wall_116.asset using Guid(8b83efe88ff756c479022e36dce59614) Importer(815301076,1909f56bfc062723c751e8b465ee728b)  -> (artifact id: '7ab849b6332178fad562fec39521d35c') in 0.012890 seconds 
========================================================================
Received Import Request.
  Time since last request: 0.046531 seconds.
  path: Assets/Art/Tilesets/Tile Pallets/Wall/Wall_135.asset
  artifactKey: Guid(e04dba8f1322d284ea53ca57eb176612) Importer(815301076,1909f56bfc062723c751e8b465ee728b)
Start importing Assets/Art/Tilesets/Tile Pallets/Wall/Wall_135.asset using Guid(e04dba8f1322d284ea53ca57eb176612) Importer(815301076,1909f56bfc062723c751e8b465ee728b)  -> (artifact id: 'ce0aeeef5149f346e4ce7e237f9ff22e') in 0.012504 seconds 
========================================================================
Received Import Request.
  Time since last request: 0.000017 seconds.
  path: Assets/Art/Tilesets/Tile Pallets/Wall/Wall_136.asset
  artifactKey: Guid(7508f43a82ba0a24cbbcbc6fae70cb71) Importer(815301076,1909f56bfc062723c751e8b465ee728b)
Start importing Assets/Art/Tilesets/Tile Pallets/Wall/Wall_136.asset using Guid(7508f43a82ba0a24cbbcbc6fae70cb71) Importer(815301076,1909f56bfc062723c751e8b465ee728b)  -> (artifact id: '780a15edaf4fe5baf4c1cafbe294fa0d') in 0.014189 seconds 
========================================================================
Received Import Request.
  Time since last request: 0.000024 seconds.
  path: Assets/Art/Tilesets/Tile Pallets/Wall/Wall_149.asset
  artifactKey: Guid(67508c789e4b78744b661e828378ca0b) Importer(815301076,1909f56bfc062723c751e8b465ee728b)
Start importing Assets/Art/Tilesets/Tile Pallets/Wall/Wall_149.asset using Guid(67508c789e4b78744b661e828378ca0b) Importer(815301076,1909f56bfc062723c751e8b465ee728b)  -> (artifact id: 'b33c0b9264d5d72795f6d2ebe5a6e644') in 0.015085 seconds 
========================================================================
Received Import Request.
  Time since last request: 0.000034 seconds.
  path: Assets/Art/Tilesets/Tile Pallets/Wall/Wall_151.asset
  artifactKey: Guid(aec957df372422646ab448366c3f1752) Importer(815301076,1909f56bfc062723c751e8b465ee728b)
Start importing Assets/Art/Tilesets/Tile Pallets/Wall/Wall_151.asset using Guid(aec957df372422646ab448366c3f1752) Importer(815301076,1909f56bfc062723c751e8b465ee728b)  -> (artifact id: '20a8332b2a117bb196b5ba8c14ad34af') in 0.019012 seconds 
========================================================================
Received Import Request.
  Time since last request: 0.000019 seconds.
  path: Assets/Art/Tilesets/Tile Pallets/Wall/Wall_144.asset
  artifactKey: Guid(30dfc2dcb4399b840aaa24e78c03c030) Importer(815301076,1909f56bfc062723c751e8b465ee728b)
Start importing Assets/Art/Tilesets/Tile Pallets/Wall/Wall_144.asset using Guid(30dfc2dcb4399b840aaa24e78c03c030) Importer(815301076,1909f56bfc062723c751e8b465ee728b)  -> (artifact id: '5d006f4395c85acd8a4a1a0c3ca55d25') in 0.025151 seconds 
========================================================================
Received Import Request.
  Time since last request: 0.000048 seconds.
  path: Assets/Art/Tilesets/Tile Pallets/Wall/Wall_158.asset
  artifactKey: Guid(efa50df4912d35544b5ea34caaa032ec) Importer(815301076,1909f56bfc062723c751e8b465ee728b)
Start importing Assets/Art/Tilesets/Tile Pallets/Wall/Wall_158.asset using Guid(efa50df4912d35544b5ea34caaa032ec) Importer(815301076,1909f56bfc062723c751e8b465ee728b)  -> (artifact id: '92f2e8371a94fe3ffba3fc07a69650a1') in 0.014449 seconds 
========================================================================
Received Import Request.
  Time since last request: 0.000051 seconds.
  path: Assets/Art/Tilesets/Tile Pallets/Wall/Wall_161.asset
  artifactKey: Guid(86795e440b291904aa12b148e2b5b355) Importer(815301076,1909f56bfc062723c751e8b465ee728b)
Start importing Assets/Art/Tilesets/Tile Pallets/Wall/Wall_161.asset using Guid(86795e440b291904aa12b148e2b5b355) Importer(815301076,1909f56bfc062723c751e8b465ee728b)  -> (artifact id: '44cdd7a5aaae6634309f3632c92c401c') in 0.018231 seconds 
========================================================================
Received Import Request.
  Time since last request: 0.000039 seconds.
  path: Assets/Art/Tilesets/Tile Pallets/Wall/Wall_164.asset
  artifactKey: Guid(7ad523111285f51489c3b8fb56e77f2b) Importer(815301076,1909f56bfc062723c751e8b465ee728b)
Start importing Assets/Art/Tilesets/Tile Pallets/Wall/Wall_164.asset using Guid(7ad523111285f51489c3b8fb56e77f2b) Importer(815301076,1909f56bfc062723c751e8b465ee728b)  -> (artifact id: '1a9f82975adc78696cf03e6e8c0e1923') in 0.016080 seconds 
========================================================================
Received Import Request.
  Time since last request: 0.000026 seconds.
  path: Assets/Art/Tilesets/Tile Pallets/Wall/Wall_173.asset
  artifactKey: Guid(d54bd59600e9f414ba928cab3d55166b) Importer(815301076,1909f56bfc062723c751e8b465ee728b)
Start importing Assets/Art/Tilesets/Tile Pallets/Wall/Wall_173.asset using Guid(d54bd59600e9f414ba928cab3d55166b) Importer(815301076,1909f56bfc062723c751e8b465ee728b)  -> (artifact id: '9060f5cc571f7b72b5cb891f82f02775') in 0.017606 seconds 
========================================================================
Received Import Request.
  Time since last request: 0.000073 seconds.
  path: Assets/Art/Tilesets/Tile Pallets/Wall/Wall_156.asset
  artifactKey: Guid(38efc2b8ff7c0e1409aa5d016d9116bb) Importer(815301076,1909f56bfc062723c751e8b465ee728b)
Start importing Assets/Art/Tilesets/Tile Pallets/Wall/Wall_156.asset using Guid(38efc2b8ff7c0e1409aa5d016d9116bb) Importer(815301076,1909f56bfc062723c751e8b465ee728b)  -> (artifact id: '63616ae9769d4d4bdca8d082c35ea6e5') in 0.016014 seconds 
========================================================================
Received Import Request.
  Time since last request: 0.000023 seconds.
  path: Assets/Art/Tilesets/Tile Pallets/Wall/Wall_148.asset
  artifactKey: Guid(70cf8cba69aebd34dab06cbbfcdbcd30) Importer(815301076,1909f56bfc062723c751e8b465ee728b)
Start importing Assets/Art/Tilesets/Tile Pallets/Wall/Wall_148.asset using Guid(70cf8cba69aebd34dab06cbbfcdbcd30) Importer(815301076,1909f56bfc062723c751e8b465ee728b)  -> (artifact id: '24cb9c10bb53541f0e733e0887987ca1') in 0.019292 seconds 
========================================================================
Received Import Request.
  Time since last request: 0.000025 seconds.
  path: Assets/Art/Tilesets/Tile Pallets/Wall/Wall_137.asset
  artifactKey: Guid(aa24f8722b12eeb48832999bd1246533) Importer(815301076,1909f56bfc062723c751e8b465ee728b)
Start importing Assets/Art/Tilesets/Tile Pallets/Wall/Wall_137.asset using Guid(aa24f8722b12eeb48832999bd1246533) Importer(815301076,1909f56bfc062723c751e8b465ee728b)  -> (artifact id: '4242d6be354ca270bcd6ca37cfdb2eec') in 0.015323 seconds 
========================================================================
Received Import Request.
  Time since last request: 0.000030 seconds.
  path: Assets/Art/Tilesets/Tile Pallets/Wall/Wall_159.asset
  artifactKey: Guid(71d8c2596ca280945b0878a4609bbdf2) Importer(815301076,1909f56bfc062723c751e8b465ee728b)
Start importing Assets/Art/Tilesets/Tile Pallets/Wall/Wall_159.asset using Guid(71d8c2596ca280945b0878a4609bbdf2) Importer(815301076,1909f56bfc062723c751e8b465ee728b)  -> (artifact id: '07e7b5d90190a99270eafcf4ecf5f301') in 0.016413 seconds 
========================================================================
Received Import Request.
  Time since last request: 0.000023 seconds.
  path: Assets/Art/Tilesets/Tile Pallets/Wall/Wall_154.asset
  artifactKey: Guid(82ece790e6a7b4a4d939d9e8f80d2d08) Importer(815301076,1909f56bfc062723c751e8b465ee728b)
Start importing Assets/Art/Tilesets/Tile Pallets/Wall/Wall_154.asset using Guid(82ece790e6a7b4a4d939d9e8f80d2d08) Importer(815301076,1909f56bfc062723c751e8b465ee728b)  -> (artifact id: '15b7f4eecd0e1802c767266424c17b71') in 0.016156 seconds 
========================================================================
Received Import Request.
  Time since last request: 0.145637 seconds.
  path: Assets/Art/Tilesets/Tile Pallets/Wall/Wall_179.asset
  artifactKey: Guid(61679ef10114e784bb7e5a60512f45d4) Importer(815301076,1909f56bfc062723c751e8b465ee728b)
Start importing Assets/Art/Tilesets/Tile Pallets/Wall/Wall_179.asset using Guid(61679ef10114e784bb7e5a60512f45d4) Importer(815301076,1909f56bfc062723c751e8b465ee728b)  -> (artifact id: 'd4abfe68b57116431e6b99c8644b97d4') in 0.014982 seconds 
========================================================================
Received Import Request.
  Time since last request: 0.000017 seconds.
  path: Assets/Art/Tilesets/Tile Pallets/Wall/Wall_180.asset
  artifactKey: Guid(fecbb5f242b314e47bd460519c5698d8) Importer(815301076,1909f56bfc062723c751e8b465ee728b)
Start importing Assets/Art/Tilesets/Tile Pallets/Wall/Wall_180.asset using Guid(fecbb5f242b314e47bd460519c5698d8) Importer(815301076,1909f56bfc062723c751e8b465ee728b)  -> (artifact id: '6adbdf93a5134f0fccd52bb9d5d18f1e') in 0.014694 seconds 
========================================================================
Received Import Request.
  Time since last request: 0.000015 seconds.
  path: Assets/Art/Tilesets/Tile Pallets/Wall/Wall_193.asset
  artifactKey: Guid(0f6c65ccc823d034496e6d753a21b663) Importer(815301076,1909f56bfc062723c751e8b465ee728b)
Start importing Assets/Art/Tilesets/Tile Pallets/Wall/Wall_193.asset using Guid(0f6c65ccc823d034496e6d753a21b663) Importer(815301076,1909f56bfc062723c751e8b465ee728b)  -> (artifact id: '621a9ed3eef1c48362fd7948c8efe749') in 0.014712 seconds 
========================================================================
Received Import Request.
  Time since last request: 0.000017 seconds.
  path: Assets/Art/Tilesets/Tile Pallets/Wall/Wall_217.asset
  artifactKey: Guid(f46948a3d7eea4440b87a4b0b5e7c3a2) Importer(815301076,1909f56bfc062723c751e8b465ee728b)
Start importing Assets/Art/Tilesets/Tile Pallets/Wall/Wall_217.asset using Guid(f46948a3d7eea4440b87a4b0b5e7c3a2) Importer(815301076,1909f56bfc062723c751e8b465ee728b)  -> (artifact id: 'cce990303bbdf8f40e65521051bcbcb6') in 0.017468 seconds 
========================================================================
Received Import Request.
  Time since last request: 0.000020 seconds.
  path: Assets/Art/Tilesets/Tile Pallets/Wall/Wall_215.asset
  artifactKey: Guid(565fb7cb656cfd549bca509e1ff028ff) Importer(815301076,1909f56bfc062723c751e8b465ee728b)
Start importing Assets/Art/Tilesets/Tile Pallets/Wall/Wall_215.asset using Guid(565fb7cb656cfd549bca509e1ff028ff) Importer(815301076,1909f56bfc062723c751e8b465ee728b)  -> (artifact id: '09e9472603d1f28dafa334cb1797ec35') in 0.014265 seconds 
========================================================================
Received Import Request.
  Time since last request: 0.000034 seconds.
  path: Assets/Art/Tilesets/Tile Pallets/Wall/Wall_219.asset
  artifactKey: Guid(68753fca37eb04d46a70cc3bb70e59bd) Importer(815301076,1909f56bfc062723c751e8b465ee728b)
Start importing Assets/Art/Tilesets/Tile Pallets/Wall/Wall_219.asset using Guid(68753fca37eb04d46a70cc3bb70e59bd) Importer(815301076,1909f56bfc062723c751e8b465ee728b)  -> (artifact id: 'bde44da9c4a6ae4fd59dc90cf611861c') in 0.014473 seconds 
========================================================================
Received Import Request.
  Time since last request: 0.000022 seconds.
  path: Assets/Art/Tilesets/Tile Pallets/Wall/Wall_189.asset
  artifactKey: Guid(feda7e65f3a4ee34d97bfaa1d35672bf) Importer(815301076,1909f56bfc062723c751e8b465ee728b)
Start importing Assets/Art/Tilesets/Tile Pallets/Wall/Wall_189.asset using Guid(feda7e65f3a4ee34d97bfaa1d35672bf) Importer(815301076,1909f56bfc062723c751e8b465ee728b)  -> (artifact id: '160a693632a286af1160953f69cec5ca') in 0.016410 seconds 
========================================================================
Received Import Request.
  Time since last request: 0.000022 seconds.
  path: Assets/Art/Tilesets/Tile Pallets/Wall/Wall_206.asset
  artifactKey: Guid(efdfcedf01755f143986c4cecf5f60fe) Importer(815301076,1909f56bfc062723c751e8b465ee728b)
Start importing Assets/Art/Tilesets/Tile Pallets/Wall/Wall_206.asset using Guid(efdfcedf01755f143986c4cecf5f60fe) Importer(815301076,1909f56bfc062723c751e8b465ee728b)  -> (artifact id: '322ed925f17f26a993b1902c1821dc4a') in 0.015754 seconds 
========================================================================
Received Import Request.
  Time since last request: 0.000021 seconds.
  path: Assets/Art/Tilesets/Tile Pallets/Wall/Wall_202.asset
  artifactKey: Guid(4f075464760e6304e8cf89a7e36c4b43) Importer(815301076,1909f56bfc062723c751e8b465ee728b)
Start importing Assets/Art/Tilesets/Tile Pallets/Wall/Wall_202.asset using Guid(4f075464760e6304e8cf89a7e36c4b43) Importer(815301076,1909f56bfc062723c751e8b465ee728b)  -> (artifact id: 'bd1ee0b48c2c2f8d5161b675eee88ef3') in 0.017035 seconds 
========================================================================
Received Import Request.
  Time since last request: 0.000019 seconds.
  path: Assets/Art/Tilesets/Tile Pallets/Wall/Wall_192.asset
  artifactKey: Guid(e9641841878b03046bdb13fc4a4f27b4) Importer(815301076,1909f56bfc062723c751e8b465ee728b)
Start importing Assets/Art/Tilesets/Tile Pallets/Wall/Wall_192.asset using Guid(e9641841878b03046bdb13fc4a4f27b4) Importer(815301076,1909f56bfc062723c751e8b465ee728b)  -> (artifact id: '333058e2b4b1989262b20f895ad4affe') in 0.016130 seconds 
========================================================================
Received Import Request.
  Time since last request: 0.000019 seconds.
  path: Assets/Art/Tilesets/Tile Pallets/Wall/Wall_195.asset
  artifactKey: Guid(b0906f14b484b0e41b741f3b342b0fdb) Importer(815301076,1909f56bfc062723c751e8b465ee728b)
Start importing Assets/Art/Tilesets/Tile Pallets/Wall/Wall_195.asset using Guid(b0906f14b484b0e41b741f3b342b0fdb) Importer(815301076,1909f56bfc062723c751e8b465ee728b)  -> (artifact id: '5f900c79d6aa0c0607a4553249691691') in 0.014071 seconds 
========================================================================
Received Import Request.
  Time since last request: 0.000019 seconds.
  path: Assets/Art/Tilesets/Tile Pallets/Wall/Wall_231.asset
  artifactKey: Guid(fa5635e2012b8124cba286d520170913) Importer(815301076,1909f56bfc062723c751e8b465ee728b)
Start importing Assets/Art/Tilesets/Tile Pallets/Wall/Wall_231.asset using Guid(fa5635e2012b8124cba286d520170913) Importer(815301076,1909f56bfc062723c751e8b465ee728b)  -> (artifact id: '86a899405bef6a867a54941ccd816bb1') in 0.016183 seconds 
========================================================================
Received Import Request.
  Time since last request: 0.000019 seconds.
  path: Assets/Art/Tilesets/Tile Pallets/Wall/Wall_228.asset
  artifactKey: Guid(b0892be949538694c937064a47afa6dd) Importer(815301076,1909f56bfc062723c751e8b465ee728b)
Start importing Assets/Art/Tilesets/Tile Pallets/Wall/Wall_228.asset using Guid(b0892be949538694c937064a47afa6dd) Importer(815301076,1909f56bfc062723c751e8b465ee728b)  -> (artifact id: 'f04525e4c4fc17f4660b84ffd48a9d81') in 0.017201 seconds 
========================================================================
Received Import Request.
  Time since last request: 0.000019 seconds.
  path: Assets/Art/Tilesets/Tile Pallets/Wall/Wall_234.asset
  artifactKey: Guid(9a08834958b40484f9e8e9aed12f02ec) Importer(815301076,1909f56bfc062723c751e8b465ee728b)
Start importing Assets/Art/Tilesets/Tile Pallets/Wall/Wall_234.asset using Guid(9a08834958b40484f9e8e9aed12f02ec) Importer(815301076,1909f56bfc062723c751e8b465ee728b)  -> (artifact id: 'e46708e3323ffceef271d8b32e79d385') in 0.016726 seconds 
========================================================================
Received Import Request.
  Time since last request: 0.000032 seconds.
  path: Assets/Art/Tilesets/Tile Pallets/Wall/Wall_235.asset
  artifactKey: Guid(c1f79e47ca7b2d549bd91c1e087e0b05) Importer(815301076,1909f56bfc062723c751e8b465ee728b)
Start importing Assets/Art/Tilesets/Tile Pallets/Wall/Wall_235.asset using Guid(c1f79e47ca7b2d549bd91c1e087e0b05) Importer(815301076,1909f56bfc062723c751e8b465ee728b)  -> (artifact id: 'd488f5dbda4e4d6ac8b09c85aaee6edd') in 0.015599 seconds 
========================================================================
Received Import Request.
  Time since last request: 0.000057 seconds.
  path: Assets/Art/Tilesets/Tile Pallets/Wall/Wall_210.asset
  artifactKey: Guid(91de5705895a93043b0959577aa4119a) Importer(815301076,1909f56bfc062723c751e8b465ee728b)
Start importing Assets/Art/Tilesets/Tile Pallets/Wall/Wall_210.asset using Guid(91de5705895a93043b0959577aa4119a) Importer(815301076,1909f56bfc062723c751e8b465ee728b)  -> (artifact id: '024138a4243f1018dcbb1eed9c1fdbe5') in 0.016194 seconds 
========================================================================
Received Import Request.
  Time since last request: 0.000029 seconds.
  path: Assets/Art/Tilesets/Tile Pallets/Wall/Wall_240.asset
  artifactKey: Guid(cd10a18e050f8f84aaf86e194cd05c4a) Importer(815301076,1909f56bfc062723c751e8b465ee728b)
Start importing Assets/Art/Tilesets/Tile Pallets/Wall/Wall_240.asset using Guid(cd10a18e050f8f84aaf86e194cd05c4a) Importer(815301076,1909f56bfc062723c751e8b465ee728b)  -> (artifact id: 'e2c94efbf1763407c7e35bfa510be9c2') in 0.016716 seconds 
========================================================================
Received Import Request.
  Time since last request: 0.000020 seconds.
  path: Assets/Art/Tilesets/Tile Pallets/Wall/Wall_183.asset
  artifactKey: Guid(460ee087689f73c46ac456ba388f0ef0) Importer(815301076,1909f56bfc062723c751e8b465ee728b)
Start importing Assets/Art/Tilesets/Tile Pallets/Wall/Wall_183.asset using Guid(460ee087689f73c46ac456ba388f0ef0) Importer(815301076,1909f56bfc062723c751e8b465ee728b)  -> (artifact id: '4c753698dea924e6da34210b807251c6') in 0.013102 seconds 
========================================================================
Received Import Request.
  Time since last request: 0.000029 seconds.
  path: Assets/Art/Tilesets/Tile Pallets/Wall/Wall_237.asset
  artifactKey: Guid(56b8dc39201950840aa110b770b46262) Importer(815301076,1909f56bfc062723c751e8b465ee728b)
Start importing Assets/Art/Tilesets/Tile Pallets/Wall/Wall_237.asset using Guid(56b8dc39201950840aa110b770b46262) Importer(815301076,1909f56bfc062723c751e8b465ee728b)  -> (artifact id: 'b494efe842b07a160c8e2e4fcd708536') in 0.017373 seconds 
========================================================================
Received Import Request.
  Time since last request: 0.000020 seconds.
  path: Assets/Art/Tilesets/Tile Pallets/Wall/Wall_225.asset
  artifactKey: Guid(10f4e02d4b64eb74ebdd80270376f4fb) Importer(815301076,1909f56bfc062723c751e8b465ee728b)
Start importing Assets/Art/Tilesets/Tile Pallets/Wall/Wall_225.asset using Guid(10f4e02d4b64eb74ebdd80270376f4fb) Importer(815301076,1909f56bfc062723c751e8b465ee728b)  -> (artifact id: '938e22380de23b68360ea1060a16da87') in 0.015440 seconds 
========================================================================
Received Import Request.
  Time since last request: 0.000070 seconds.
  path: Assets/Art/Tilesets/Tile Pallets/Wall/Wall_226.asset
  artifactKey: Guid(54cdc243699359b4cba7333c42a6e8f4) Importer(815301076,1909f56bfc062723c751e8b465ee728b)
Start importing Assets/Art/Tilesets/Tile Pallets/Wall/Wall_226.asset using Guid(54cdc243699359b4cba7333c42a6e8f4) Importer(815301076,1909f56bfc062723c751e8b465ee728b)  -> (artifact id: '7c44b24c5f3705393a290b625f6c03cb') in 0.015981 seconds 
========================================================================
Received Import Request.
  Time since last request: 0.000036 seconds.
  path: Assets/Art/Tilesets/Tile Pallets/Wall/Wall_224.asset
  artifactKey: Guid(01502341261aeab49a483520caacede9) Importer(815301076,1909f56bfc062723c751e8b465ee728b)
Start importing Assets/Art/Tilesets/Tile Pallets/Wall/Wall_224.asset using Guid(01502341261aeab49a483520caacede9) Importer(815301076,1909f56bfc062723c751e8b465ee728b)  -> (artifact id: 'a18a71b6cd2968335a3e89e4d5c13036') in 0.016728 seconds 
Editor requested this worker to shutdown with reason: Scaling down because of idle timeout
AssetImportWorker is now disconnected from the server
Process exiting
Exiting without the bug reporter. Application will terminate with return code 0